<?xml version="1.0" encoding="UTF-8"?>
<testsuite name="org.jfree.chart.junit.ChartPackageTests" time="0.259" tests="104" errors="0" skipped="0" failures="0">
  <properties>
    <property name="java.runtime.name" value="Java(TM) SE Runtime Environment"/>
    <property name="sun.boot.library.path" value="/opt/jdk1.7.0_80/jre/lib/amd64"/>
    <property name="java.vm.version" value="24.80-b11"/>
    <property name="java.vm.vendor" value="Oracle Corporation"/>
    <property name="maven.multiModuleProjectDirectory" value="/home/ali/similarity-exps/programs/Chart/12"/>
    <property name="java.vendor.url" value="http://java.oracle.com/"/>
    <property name="path.separator" value=":"/>
    <property name="guice.disable.misplaced.annotation.check" value="true"/>
    <property name="java.vm.name" value="Java HotSpot(TM) 64-Bit Server VM"/>
    <property name="file.encoding.pkg" value="sun.io"/>
    <property name="user.country" value="US"/>
    <property name="sun.java.launcher" value="SUN_STANDARD"/>
    <property name="sun.os.patch.level" value="unknown"/>
    <property name="java.vm.specification.name" value="Java Virtual Machine Specification"/>
    <property name="user.dir" value="/home/ali/similarity-exps/programs/Chart/12"/>
    <property name="java.runtime.version" value="1.7.0_80-b15"/>
    <property name="java.awt.graphicsenv" value="sun.awt.X11GraphicsEnvironment"/>
    <property name="java.endorsed.dirs" value="/opt/jdk1.7.0_80/jre/lib/endorsed"/>
    <property name="os.arch" value="amd64"/>
    <property name="java.io.tmpdir" value="/tmp"/>
    <property name="line.separator" value="&#10;"/>
    <property name="java.vm.specification.vendor" value="Oracle Corporation"/>
    <property name="os.name" value="Linux"/>
    <property name="classworlds.conf" value="/usr/share/maven/bin/m2.conf"/>
    <property name="sun.jnu.encoding" value="UTF-8"/>
    <property name="java.library.path" value="/usr/java/packages/lib/amd64:/usr/lib64:/lib64:/lib:/usr/lib"/>
    <property name="maven.conf" value="/usr/share/maven/conf"/>
    <property name="java.specification.name" value="Java Platform API Specification"/>
    <property name="java.class.version" value="51.0"/>
    <property name="sun.management.compiler" value="HotSpot 64-Bit Tiered Compilers"/>
    <property name="os.version" value="4.15.0-72-generic"/>
    <property name="library.jansi.path" value="/usr/share/maven/lib/jansi-native"/>
    <property name="user.home" value="/home/ali"/>
    <property name="user.timezone" value="America/Chicago"/>
    <property name="java.awt.printerjob" value="sun.print.PSPrinterJob"/>
    <property name="java.specification.version" value="1.7"/>
    <property name="file.encoding" value="UTF-8"/>
    <property name="user.name" value="ali"/>
    <property name="java.class.path" value="/usr/share/maven/boot/plexus-classworlds-2.x.jar"/>
    <property name="java.vm.specification.version" value="1.7"/>
    <property name="sun.arch.data.model" value="64"/>
    <property name="java.home" value="/opt/jdk1.7.0_80/jre"/>
    <property name="sun.java.command" value="org.codehaus.plexus.classworlds.launcher.Launcher surefire:test"/>
    <property name="java.specification.vendor" value="Oracle Corporation"/>
    <property name="user.language" value="en"/>
    <property name="awt.toolkit" value="sun.awt.X11.XToolkit"/>
    <property name="java.vm.info" value="mixed mode"/>
    <property name="java.version" value="1.7.0_80"/>
    <property name="java.ext.dirs" value="/opt/jdk1.7.0_80/jre/lib/ext:/usr/java/packages/lib/ext"/>
    <property name="securerandom.source" value="file:/dev/./urandom"/>
    <property name="sun.boot.class.path" value="/opt/jdk1.7.0_80/jre/lib/resources.jar:/opt/jdk1.7.0_80/jre/lib/rt.jar:/opt/jdk1.7.0_80/jre/lib/sunrsasign.jar:/opt/jdk1.7.0_80/jre/lib/jsse.jar:/opt/jdk1.7.0_80/jre/lib/jce.jar:/opt/jdk1.7.0_80/jre/lib/charsets.jar:/opt/jdk1.7.0_80/jre/lib/jfr.jar:/opt/jdk1.7.0_80/jre/classes"/>
    <property name="java.vendor" value="Oracle Corporation"/>
    <property name="maven.home" value="/usr/share/maven"/>
    <property name="file.separator" value="/"/>
    <property name="java.vendor.url.bug" value="http://bugreport.sun.com/bugreport/"/>
    <property name="sun.cpu.endian" value="little"/>
    <property name="sun.io.unicode.encoding" value="UnicodeLittle"/>
    <property name="sun.cpu.isalist" value=""/>
  </properties>
  <testcase name="testDrawWithNullInfo" classname="org.jfree.chart.junit.AreaChartTests" time="0.055"/>
  <testcase name="testSetSeriesToolTipGenerator" classname="org.jfree.chart.junit.AreaChartTests" time="0"/>
  <testcase name="testSetSeriesURLGenerator" classname="org.jfree.chart.junit.AreaChartTests" time="0.001"/>
  <testcase name="testReplaceDataset" classname="org.jfree.chart.junit.AreaChartTests" time="0.001"/>
  <testcase name="testDrawWithNullInfo" classname="org.jfree.chart.junit.BarChartTests" time="0.004"/>
  <testcase name="testSetSeriesToolTipGenerator" classname="org.jfree.chart.junit.BarChartTests" time="0"/>
  <testcase name="testSetSeriesURLGenerator" classname="org.jfree.chart.junit.BarChartTests" time="0.001"/>
  <testcase name="testReplaceDataset" classname="org.jfree.chart.junit.BarChartTests" time="0"/>
  <testcase name="testDrawWithNullInfo" classname="org.jfree.chart.junit.BarChart3DTests" time="0.004"/>
  <testcase name="testSetSeriesToolTipGenerator" classname="org.jfree.chart.junit.BarChart3DTests" time="0"/>
  <testcase name="testSetSeriesURLGenerator" classname="org.jfree.chart.junit.BarChart3DTests" time="0"/>
  <testcase name="testReplaceDataset" classname="org.jfree.chart.junit.BarChart3DTests" time="0.001"/>
  <testcase name="testConstructor1" classname="org.jfree.chart.junit.ChartPanelTests" time="0.024"/>
  <testcase name="testGetListeners" classname="org.jfree.chart.junit.ChartPanelTests" time="0.003"/>
  <testcase name="testSetChart" classname="org.jfree.chart.junit.ChartPanelTests" time="0.003"/>
  <testcase name="testSerialization" classname="org.jfree.chart.junit.ChartRenderingInfoTests" time="0.001"/>
  <testcase name="testCloning" classname="org.jfree.chart.junit.ChartRenderingInfoTests" time="0"/>
  <testcase name="testEquals" classname="org.jfree.chart.junit.ChartRenderingInfoTests" time="0"/>
  <testcase name="testSerialization2" classname="org.jfree.chart.junit.ChartRenderingInfoTests" time="0"/>
  <testcase name="testDrawWithNullInfo" classname="org.jfree.chart.junit.GanttChartTests" time="0.005"/>
  <testcase name="testSetSeriesToolTipGenerator" classname="org.jfree.chart.junit.GanttChartTests" time="0.001"/>
  <testcase name="testSetSeriesURLGenerator" classname="org.jfree.chart.junit.GanttChartTests" time="0.001"/>
  <testcase name="testDrawWithNullInfo2" classname="org.jfree.chart.junit.GanttChartTests" time="0.013"/>
  <testcase name="testReplaceDataset" classname="org.jfree.chart.junit.GanttChartTests" time="0.001"/>
  <testcase name="testEquals2" classname="org.jfree.chart.junit.JFreeChartTests" time="0.003"/>
  <testcase name="testSubtitleCount" classname="org.jfree.chart.junit.JFreeChartTests" time="0"/>
  <testcase name="testLegendEvents" classname="org.jfree.chart.junit.JFreeChartTests" time="0"/>
  <testcase name="testTitleChangeEvent" classname="org.jfree.chart.junit.JFreeChartTests" time="0.001"/>
  <testcase name="testGetSubtitle" classname="org.jfree.chart.junit.JFreeChartTests" time="0"/>
  <testcase name="testAddSubtitle" classname="org.jfree.chart.junit.JFreeChartTests" time="0"/>
  <testcase name="testEquals" classname="org.jfree.chart.junit.JFreeChartTests" time="0.002"/>
  <testcase name="testGetSubtitles" classname="org.jfree.chart.junit.JFreeChartTests" time="0"/>
  <testcase name="testSerialization1" classname="org.jfree.chart.junit.JFreeChartTests" time="0.009"/>
  <testcase name="testSerialization2" classname="org.jfree.chart.junit.JFreeChartTests" time="0.004"/>
  <testcase name="testSerialization3" classname="org.jfree.chart.junit.JFreeChartTests" time="0.015"/>
  <testcase name="testSerialization4" classname="org.jfree.chart.junit.JFreeChartTests" time="0.02"/>
  <testcase name="testSerialization" classname="org.jfree.chart.junit.LegendItemTests" time="0.002"/>
  <testcase name="testCloning" classname="org.jfree.chart.junit.LegendItemTests" time="0"/>
  <testcase name="testEquals" classname="org.jfree.chart.junit.LegendItemTests" time="0"/>
  <testcase name="testSerialization2" classname="org.jfree.chart.junit.LegendItemTests" time="0.001"/>
  <testcase name="testSerialization" classname="org.jfree.chart.junit.LegendItemCollectionTests" time="0.001"/>
  <testcase name="testCloning" classname="org.jfree.chart.junit.LegendItemCollectionTests" time="0"/>
  <testcase name="testEquals" classname="org.jfree.chart.junit.LegendItemCollectionTests" time="0"/>
  <testcase name="testDrawWithNullInfo" classname="org.jfree.chart.junit.LineChartTests" time="0.004"/>
  <testcase name="testSetSeriesToolTipGenerator" classname="org.jfree.chart.junit.LineChartTests" time="0.001"/>
  <testcase name="testSetSeriesURLGenerator" classname="org.jfree.chart.junit.LineChartTests" time="0"/>
  <testcase name="testReplaceDataset" classname="org.jfree.chart.junit.LineChartTests" time="0.001"/>
  <testcase name="testDrawWithNullInfo" classname="org.jfree.chart.junit.LineChart3DTests" time="0.004"/>
  <testcase name="testSetSeriesToolTipGenerator" classname="org.jfree.chart.junit.LineChart3DTests" time="0"/>
  <testcase name="testSetSeriesURLGenerator" classname="org.jfree.chart.junit.LineChart3DTests" time="0.001"/>
  <testcase name="testReplaceDataset" classname="org.jfree.chart.junit.LineChart3DTests" time="0"/>
  <testcase name="testDrawWithNullInfo" classname="org.jfree.chart.junit.MeterChartTests" time="0.003"/>
  <testcase name="testGetPaint" classname="org.jfree.chart.junit.PaintMapTests" time="0"/>
  <testcase name="testPut" classname="org.jfree.chart.junit.PaintMapTests" time="0"/>
  <testcase name="testKeysOfDifferentClasses" classname="org.jfree.chart.junit.PaintMapTests" time="0"/>
  <testcase name="testCloning" classname="org.jfree.chart.junit.PaintMapTests" time="0"/>
  <testcase name="testEquals" classname="org.jfree.chart.junit.PaintMapTests" time="0"/>
  <testcase name="testSerialization1" classname="org.jfree.chart.junit.PaintMapTests" time="0"/>
  <testcase name="testSerialization2" classname="org.jfree.chart.junit.PaintMapTests" time="0.001"/>
  <testcase name="testReplaceDatasetOnPieChart" classname="org.jfree.chart.junit.PieChartTests" time="0"/>
  <testcase name="testNullValueInDataset" classname="org.jfree.chart.junit.PieChart3DTests" time="0.01"/>
  <testcase name="testReplaceDatasetOnPieChart" classname="org.jfree.chart.junit.PieChart3DTests" time="0"/>
  <testcase name="testDrawWithNullInfo" classname="org.jfree.chart.junit.ScatterPlotTests" time="0.004"/>
  <testcase name="testSetSeriesToolTipGenerator" classname="org.jfree.chart.junit.ScatterPlotTests" time="0"/>
  <testcase name="testReplaceDataset" classname="org.jfree.chart.junit.ScatterPlotTests" time="0.001"/>
  <testcase name="testDrawWithNullInfo" classname="org.jfree.chart.junit.StackedAreaChartTests" time="0.004"/>
  <testcase name="testSetSeriesToolTipGenerator" classname="org.jfree.chart.junit.StackedAreaChartTests" time="0.001"/>
  <testcase name="testSetSeriesURLGenerator" classname="org.jfree.chart.junit.StackedAreaChartTests" time="0"/>
  <testcase name="testReplaceDataset" classname="org.jfree.chart.junit.StackedAreaChartTests" time="0.001"/>
  <testcase name="testDrawWithNullInfo" classname="org.jfree.chart.junit.StackedBarChartTests" time="0.003"/>
  <testcase name="testSetSeriesToolTipGenerator" classname="org.jfree.chart.junit.StackedBarChartTests" time="0"/>
  <testcase name="testSetSeriesURLGenerator" classname="org.jfree.chart.junit.StackedBarChartTests" time="0.001"/>
  <testcase name="testReplaceDataset" classname="org.jfree.chart.junit.StackedBarChartTests" time="0.001"/>
  <testcase name="testDrawWithNullInfo" classname="org.jfree.chart.junit.StackedBarChart3DTests" time="0.004"/>
  <testcase name="testSetSeriesToolTipGenerator" classname="org.jfree.chart.junit.StackedBarChart3DTests" time="0"/>
  <testcase name="testSetSeriesURLGenerator" classname="org.jfree.chart.junit.StackedBarChart3DTests" time="0.001"/>
  <testcase name="testReplaceDataset" classname="org.jfree.chart.junit.StackedBarChart3DTests" time="0"/>
  <testcase name="testPut" classname="org.jfree.chart.junit.StrokeMapTests" time="0.001"/>
  <testcase name="testCloning" classname="org.jfree.chart.junit.StrokeMapTests" time="0"/>
  <testcase name="testEquals" classname="org.jfree.chart.junit.StrokeMapTests" time="0"/>
  <testcase name="testGetStroke" classname="org.jfree.chart.junit.StrokeMapTests" time="0"/>
  <testcase name="testSerialization1" classname="org.jfree.chart.junit.StrokeMapTests" time="0"/>
  <testcase name="testSerialization2" classname="org.jfree.chart.junit.StrokeMapTests" time="0"/>
  <testcase name="testDrawWithNullInfo" classname="org.jfree.chart.junit.TimeSeriesChartTests" time="0.003"/>
  <testcase name="testSetSeriesToolTipGenerator" classname="org.jfree.chart.junit.TimeSeriesChartTests" time="0.001"/>
  <testcase name="testReplaceDataset" classname="org.jfree.chart.junit.TimeSeriesChartTests" time="0.001"/>
  <testcase name="testDrawWithNullInfo" classname="org.jfree.chart.junit.WaterfallChartTests" time="0.006"/>
  <testcase name="testSetSeriesToolTipGenerator" classname="org.jfree.chart.junit.WaterfallChartTests" time="0"/>
  <testcase name="testSetSeriesURLGenerator" classname="org.jfree.chart.junit.WaterfallChartTests" time="0"/>
  <testcase name="testDrawWithNullInfo" classname="org.jfree.chart.junit.XYAreaChartTests" time="0.004"/>
  <testcase name="testSetSeriesToolTipGenerator" classname="org.jfree.chart.junit.XYAreaChartTests" time="0.001"/>
  <testcase name="testReplaceDataset" classname="org.jfree.chart.junit.XYAreaChartTests" time="0.001"/>
  <testcase name="testDrawWithNullInfo" classname="org.jfree.chart.junit.XYBarChartTests" time="0.003"/>
  <testcase name="testSetSeriesToolTipGenerator" classname="org.jfree.chart.junit.XYBarChartTests" time="0"/>
  <testcase name="testReplaceDataset" classname="org.jfree.chart.junit.XYBarChartTests" time="0.001"/>
  <testcase name="testDrawWithNullInfo" classname="org.jfree.chart.junit.XYLineChartTests" time="0.003"/>
  <testcase name="testSetSeriesToolTipGenerator" classname="org.jfree.chart.junit.XYLineChartTests" time="0"/>
  <testcase name="testReplaceDataset" classname="org.jfree.chart.junit.XYLineChartTests" time="0.001"/>
  <testcase name="testDrawWithNullInfo" classname="org.jfree.chart.junit.XYStepAreaChartTests" time="0.004"/>
  <testcase name="testSetSeriesToolTipGenerator" classname="org.jfree.chart.junit.XYStepAreaChartTests" time="0"/>
  <testcase name="testReplaceDataset" classname="org.jfree.chart.junit.XYStepAreaChartTests" time="0.001"/>
  <testcase name="testDrawWithNullInfo" classname="org.jfree.chart.junit.XYStepChartTests" time="0.003"/>
  <testcase name="testSetSeriesToolTipGenerator" classname="org.jfree.chart.junit.XYStepChartTests" time="0.001"/>
  <testcase name="testReplaceDataset" classname="org.jfree.chart.junit.XYStepChartTests" time="0.001"/>
</testsuite>