<?xml version="1.0" encoding="UTF-8"?>
<testsuite name="org.jfree.data.time.junit.DataTimePackageTests" time="0.106" tests="253" errors="0" skipped="0" failures="0">
  <properties>
    <property name="java.runtime.name" value="Java(TM) SE Runtime Environment"/>
    <property name="sun.boot.library.path" value="/opt/jdk1.7.0_80/jre/lib/amd64"/>
    <property name="java.vm.version" value="24.80-b11"/>
    <property name="java.vm.vendor" value="Oracle Corporation"/>
    <property name="maven.multiModuleProjectDirectory" value="/home/ali/similarity-exps/programs/Chart/12"/>
    <property name="java.vendor.url" value="http://java.oracle.com/"/>
    <property name="path.separator" value=":"/>
    <property name="guice.disable.misplaced.annotation.check" value="true"/>
    <property name="java.vm.name" value="Java HotSpot(TM) 64-Bit Server VM"/>
    <property name="file.encoding.pkg" value="sun.io"/>
    <property name="user.country" value="US"/>
    <property name="sun.java.launcher" value="SUN_STANDARD"/>
    <property name="sun.os.patch.level" value="unknown"/>
    <property name="java.vm.specification.name" value="Java Virtual Machine Specification"/>
    <property name="user.dir" value="/home/ali/similarity-exps/programs/Chart/12"/>
    <property name="java.runtime.version" value="1.7.0_80-b15"/>
    <property name="java.awt.graphicsenv" value="sun.awt.X11GraphicsEnvironment"/>
    <property name="java.endorsed.dirs" value="/opt/jdk1.7.0_80/jre/lib/endorsed"/>
    <property name="os.arch" value="amd64"/>
    <property name="java.io.tmpdir" value="/tmp"/>
    <property name="line.separator" value="&#10;"/>
    <property name="java.vm.specification.vendor" value="Oracle Corporation"/>
    <property name="os.name" value="Linux"/>
    <property name="classworlds.conf" value="/usr/share/maven/bin/m2.conf"/>
    <property name="sun.jnu.encoding" value="UTF-8"/>
    <property name="java.library.path" value="/usr/java/packages/lib/amd64:/usr/lib64:/lib64:/lib:/usr/lib"/>
    <property name="maven.conf" value="/usr/share/maven/conf"/>
    <property name="java.specification.name" value="Java Platform API Specification"/>
    <property name="java.class.version" value="51.0"/>
    <property name="sun.management.compiler" value="HotSpot 64-Bit Tiered Compilers"/>
    <property name="os.version" value="4.15.0-72-generic"/>
    <property name="library.jansi.path" value="/usr/share/maven/lib/jansi-native"/>
    <property name="user.home" value="/home/ali"/>
    <property name="user.timezone" value="America/Chicago"/>
    <property name="java.awt.printerjob" value="sun.print.PSPrinterJob"/>
    <property name="java.specification.version" value="1.7"/>
    <property name="file.encoding" value="UTF-8"/>
    <property name="user.name" value="ali"/>
    <property name="java.class.path" value="/usr/share/maven/boot/plexus-classworlds-2.x.jar"/>
    <property name="java.vm.specification.version" value="1.7"/>
    <property name="sun.arch.data.model" value="64"/>
    <property name="java.home" value="/opt/jdk1.7.0_80/jre"/>
    <property name="sun.java.command" value="org.codehaus.plexus.classworlds.launcher.Launcher surefire:test"/>
    <property name="java.specification.vendor" value="Oracle Corporation"/>
    <property name="user.language" value="en"/>
    <property name="awt.toolkit" value="sun.awt.X11.XToolkit"/>
    <property name="java.vm.info" value="mixed mode"/>
    <property name="java.version" value="1.7.0_80"/>
    <property name="java.ext.dirs" value="/opt/jdk1.7.0_80/jre/lib/ext:/usr/java/packages/lib/ext"/>
    <property name="securerandom.source" value="file:/dev/./urandom"/>
    <property name="sun.boot.class.path" value="/opt/jdk1.7.0_80/jre/lib/resources.jar:/opt/jdk1.7.0_80/jre/lib/rt.jar:/opt/jdk1.7.0_80/jre/lib/sunrsasign.jar:/opt/jdk1.7.0_80/jre/lib/jsse.jar:/opt/jdk1.7.0_80/jre/lib/jce.jar:/opt/jdk1.7.0_80/jre/lib/charsets.jar:/opt/jdk1.7.0_80/jre/lib/jfr.jar:/opt/jdk1.7.0_80/jre/classes"/>
    <property name="java.vendor" value="Oracle Corporation"/>
    <property name="maven.home" value="/usr/share/maven"/>
    <property name="file.separator" value="/"/>
    <property name="java.vendor.url.bug" value="http://bugreport.sun.com/bugreport/"/>
    <property name="sun.cpu.endian" value="little"/>
    <property name="sun.io.unicode.encoding" value="UnicodeLittle"/>
    <property name="sun.cpu.isalist" value=""/>
  </properties>
  <testcase name="testSerialization" classname="org.jfree.data.time.junit.DateRangeTests" time="0.001"/>
  <testcase name="testClone" classname="org.jfree.data.time.junit.DateRangeTests" time="0"/>
  <testcase name="testEquals" classname="org.jfree.data.time.junit.DateRangeTests" time="0"/>
  <testcase name="testGetFirstMillisecondWithCalendar" classname="org.jfree.data.time.junit.DayTests" time="0.002"/>
  <testcase name="testGetStart" classname="org.jfree.data.time.junit.DayTests" time="0"/>
  <testcase name="testSerialization" classname="org.jfree.data.time.junit.DayTests" time="0.001"/>
  <testcase name="testNext" classname="org.jfree.data.time.junit.DayTests" time="0.001"/>
  <testcase name="test31Dec9999Next" classname="org.jfree.data.time.junit.DayTests" time="0"/>
  <testcase name="testGetLastMillisecondWithCalendar" classname="org.jfree.data.time.junit.DayTests" time="0"/>
  <testcase name="testEqualsSelf" classname="org.jfree.data.time.junit.DayTests" time="0"/>
  <testcase name="testDateConstructor1" classname="org.jfree.data.time.junit.DayTests" time="0.001"/>
  <testcase name="testDateConstructor2" classname="org.jfree.data.time.junit.DayTests" time="0"/>
  <testcase name="test1Jan1900Next" classname="org.jfree.data.time.junit.DayTests" time="0"/>
  <testcase name="test31Dec9999Previous" classname="org.jfree.data.time.junit.DayTests" time="0"/>
  <testcase name="testGetFirstMillisecond" classname="org.jfree.data.time.junit.DayTests" time="0"/>
  <testcase name="testGetFirstMillisecondWithTimeZone" classname="org.jfree.data.time.junit.DayTests" time="0.001"/>
  <testcase name="test1Jan1900Previous" classname="org.jfree.data.time.junit.DayTests" time="0"/>
  <testcase name="testNotCloneable" classname="org.jfree.data.time.junit.DayTests" time="0"/>
  <testcase name="testHashcode" classname="org.jfree.data.time.junit.DayTests" time="0"/>
  <testcase name="testGetSerialIndex" classname="org.jfree.data.time.junit.DayTests" time="0"/>
  <testcase name="testEquals" classname="org.jfree.data.time.junit.DayTests" time="0"/>
  <testcase name="testGetEnd" classname="org.jfree.data.time.junit.DayTests" time="0.001"/>
  <testcase name="testParseDay" classname="org.jfree.data.time.junit.DayTests" time="0"/>
  <testcase name="testGetLastMillisecond" classname="org.jfree.data.time.junit.DayTests" time="0"/>
  <testcase name="testGetLastMillisecondWithTimeZone" classname="org.jfree.data.time.junit.DayTests" time="0"/>
  <testcase name="testSerialization" classname="org.jfree.data.time.junit.FixedMillisecondTests" time="0.001"/>
  <testcase name="testNotCloneable" classname="org.jfree.data.time.junit.FixedMillisecondTests" time="0"/>
  <testcase name="testHashcode" classname="org.jfree.data.time.junit.FixedMillisecondTests" time="0"/>
  <testcase name="testGetFirstMillisecondWithCalendar" classname="org.jfree.data.time.junit.HourTests" time="0.001"/>
  <testcase name="testLastHourPrevious" classname="org.jfree.data.time.junit.HourTests" time="0"/>
  <testcase name="testGetStart" classname="org.jfree.data.time.junit.HourTests" time="0"/>
  <testcase name="testSerialization" classname="org.jfree.data.time.junit.HourTests" time="0.001"/>
  <testcase name="testParseHour" classname="org.jfree.data.time.junit.HourTests" time="0"/>
  <testcase name="testNext" classname="org.jfree.data.time.junit.HourTests" time="0.001"/>
  <testcase name="testLastHourNext" classname="org.jfree.data.time.junit.HourTests" time="0"/>
  <testcase name="testFirstHourPrevious" classname="org.jfree.data.time.junit.HourTests" time="0"/>
  <testcase name="testFirstHourNext" classname="org.jfree.data.time.junit.HourTests" time="0"/>
  <testcase name="testGetLastMillisecondWithCalendar" classname="org.jfree.data.time.junit.HourTests" time="0.001"/>
  <testcase name="testEqualsSelf" classname="org.jfree.data.time.junit.HourTests" time="0"/>
  <testcase name="testDateConstructor1" classname="org.jfree.data.time.junit.HourTests" time="0"/>
  <testcase name="testDateConstructor2" classname="org.jfree.data.time.junit.HourTests" time="0"/>
  <testcase name="testGetFirstMillisecond" classname="org.jfree.data.time.junit.HourTests" time="0"/>
  <testcase name="testGetFirstMillisecondWithTimeZone" classname="org.jfree.data.time.junit.HourTests" time="0"/>
  <testcase name="testNotCloneable" classname="org.jfree.data.time.junit.HourTests" time="0"/>
  <testcase name="testHashcode" classname="org.jfree.data.time.junit.HourTests" time="0"/>
  <testcase name="testGetSerialIndex" classname="org.jfree.data.time.junit.HourTests" time="0"/>
  <testcase name="testEquals" classname="org.jfree.data.time.junit.HourTests" time="0.001"/>
  <testcase name="testGetEnd" classname="org.jfree.data.time.junit.HourTests" time="0"/>
  <testcase name="testGetLastMillisecond" classname="org.jfree.data.time.junit.HourTests" time="0"/>
  <testcase name="testGetLastMillisecondWithTimeZone" classname="org.jfree.data.time.junit.HourTests" time="0"/>
  <testcase name="testGetFirstMillisecondWithCalendar" classname="org.jfree.data.time.junit.MinuteTests" time="0.001"/>
  <testcase name="testGetStart" classname="org.jfree.data.time.junit.MinuteTests" time="0"/>
  <testcase name="testSerialization" classname="org.jfree.data.time.junit.MinuteTests" time="0.001"/>
  <testcase name="testNext" classname="org.jfree.data.time.junit.MinuteTests" time="0.001"/>
  <testcase name="testGetLastMillisecondWithCalendar" classname="org.jfree.data.time.junit.MinuteTests" time="0"/>
  <testcase name="testEqualsSelf" classname="org.jfree.data.time.junit.MinuteTests" time="0"/>
  <testcase name="testDateConstructor1" classname="org.jfree.data.time.junit.MinuteTests" time="0"/>
  <testcase name="testDateConstructor2" classname="org.jfree.data.time.junit.MinuteTests" time="0.001"/>
  <testcase name="test1611872" classname="org.jfree.data.time.junit.MinuteTests" time="0"/>
  <testcase name="testGetFirstMillisecond" classname="org.jfree.data.time.junit.MinuteTests" time="0"/>
  <testcase name="testGetFirstMillisecondWithTimeZone" classname="org.jfree.data.time.junit.MinuteTests" time="0.001"/>
  <testcase name="testNotCloneable" classname="org.jfree.data.time.junit.MinuteTests" time="0"/>
  <testcase name="testHashcode" classname="org.jfree.data.time.junit.MinuteTests" time="0"/>
  <testcase name="testGetSerialIndex" classname="org.jfree.data.time.junit.MinuteTests" time="0"/>
  <testcase name="testEquals" classname="org.jfree.data.time.junit.MinuteTests" time="0.001"/>
  <testcase name="testGetEnd" classname="org.jfree.data.time.junit.MinuteTests" time="0"/>
  <testcase name="testGetLastMillisecond" classname="org.jfree.data.time.junit.MinuteTests" time="0"/>
  <testcase name="testGetLastMillisecondWithTimeZone" classname="org.jfree.data.time.junit.MinuteTests" time="0"/>
  <testcase name="testGetFirstMillisecondWithCalendar" classname="org.jfree.data.time.junit.MillisecondTests" time="0.002"/>
  <testcase name="testGetStart" classname="org.jfree.data.time.junit.MillisecondTests" time="0"/>
  <testcase name="testSerialization" classname="org.jfree.data.time.junit.MillisecondTests" time="0.001"/>
  <testcase name="testNext" classname="org.jfree.data.time.junit.MillisecondTests" time="0.003"/>
  <testcase name="testGetLastMillisecondWithCalendar" classname="org.jfree.data.time.junit.MillisecondTests" time="0.001"/>
  <testcase name="testEqualsSelf" classname="org.jfree.data.time.junit.MillisecondTests" time="0"/>
  <testcase name="testDateConstructor1" classname="org.jfree.data.time.junit.MillisecondTests" time="0"/>
  <testcase name="testDateConstructor2" classname="org.jfree.data.time.junit.MillisecondTests" time="0"/>
  <testcase name="testGetFirstMillisecond" classname="org.jfree.data.time.junit.MillisecondTests" time="0.001"/>
  <testcase name="testGetFirstMillisecondWithTimeZone" classname="org.jfree.data.time.junit.MillisecondTests" time="0"/>
  <testcase name="testNotCloneable" classname="org.jfree.data.time.junit.MillisecondTests" time="0.001"/>
  <testcase name="testHashcode" classname="org.jfree.data.time.junit.MillisecondTests" time="0.001"/>
  <testcase name="test943985" classname="org.jfree.data.time.junit.MillisecondTests" time="0"/>
  <testcase name="testGetSerialIndex" classname="org.jfree.data.time.junit.MillisecondTests" time="0.001"/>
  <testcase name="testEquals" classname="org.jfree.data.time.junit.MillisecondTests" time="0"/>
  <testcase name="testGetEnd" classname="org.jfree.data.time.junit.MillisecondTests" time="0.001"/>
  <testcase name="testGetLastMillisecond" classname="org.jfree.data.time.junit.MillisecondTests" time="0"/>
  <testcase name="testGetLastMillisecondWithTimeZone" classname="org.jfree.data.time.junit.MillisecondTests" time="0.001"/>
  <testcase name="testGetFirstMillisecondWithCalendar" classname="org.jfree.data.time.junit.MonthTests" time="0"/>
  <testcase name="testParseMonth" classname="org.jfree.data.time.junit.MonthTests" time="0.001"/>
  <testcase name="testGetStart" classname="org.jfree.data.time.junit.MonthTests" time="0"/>
  <testcase name="testSerialization" classname="org.jfree.data.time.junit.MonthTests" time="0.001"/>
  <testcase name="testNext" classname="org.jfree.data.time.junit.MonthTests" time="0"/>
  <testcase name="testJan1900Next" classname="org.jfree.data.time.junit.MonthTests" time="0.001"/>
  <testcase name="testGetLastMillisecondWithCalendar" classname="org.jfree.data.time.junit.MonthTests" time="0"/>
  <testcase name="testEqualsSelf" classname="org.jfree.data.time.junit.MonthTests" time="0"/>
  <testcase name="testDateConstructor1" classname="org.jfree.data.time.junit.MonthTests" time="0.001"/>
  <testcase name="testDateConstructor2" classname="org.jfree.data.time.junit.MonthTests" time="0"/>
  <testcase name="testDec9999Next" classname="org.jfree.data.time.junit.MonthTests" time="0"/>
  <testcase name="testGetFirstMillisecond" classname="org.jfree.data.time.junit.MonthTests" time="0.001"/>
  <testcase name="testGetFirstMillisecondWithTimeZone" classname="org.jfree.data.time.junit.MonthTests" time="0"/>
  <testcase name="testNotCloneable" classname="org.jfree.data.time.junit.MonthTests" time="0"/>
  <testcase name="testJan1900Previous" classname="org.jfree.data.time.junit.MonthTests" time="0.001"/>
  <testcase name="testHashcode" classname="org.jfree.data.time.junit.MonthTests" time="0"/>
  <testcase name="testGetSerialIndex" classname="org.jfree.data.time.junit.MonthTests" time="0"/>
  <testcase name="testEquals" classname="org.jfree.data.time.junit.MonthTests" time="0.001"/>
  <testcase name="testGetEnd" classname="org.jfree.data.time.junit.MonthTests" time="0"/>
  <testcase name="testDec9999Previous" classname="org.jfree.data.time.junit.MonthTests" time="0"/>
  <testcase name="testGetLastMillisecond" classname="org.jfree.data.time.junit.MonthTests" time="0.001"/>
  <testcase name="testGetLastMillisecondWithTimeZone" classname="org.jfree.data.time.junit.MonthTests" time="0"/>
  <testcase name="test1" classname="org.jfree.data.time.junit.MovingAverageTests" time="0.001"/>
  <testcase name="testGetFirstMillisecondWithCalendar" classname="org.jfree.data.time.junit.QuarterTests" time="0.001"/>
  <testcase name="testGetStart" classname="org.jfree.data.time.junit.QuarterTests" time="0"/>
  <testcase name="testSerialization" classname="org.jfree.data.time.junit.QuarterTests" time="0.001"/>
  <testcase name="testQ1Y1900Previous" classname="org.jfree.data.time.junit.QuarterTests" time="0"/>
  <testcase name="testNext" classname="org.jfree.data.time.junit.QuarterTests" time="0.001"/>
  <testcase name="testQ1Y1900Next" classname="org.jfree.data.time.junit.QuarterTests" time="0"/>
  <testcase name="testGetLastMillisecondWithCalendar" classname="org.jfree.data.time.junit.QuarterTests" time="0"/>
  <testcase name="testEqualsSelf" classname="org.jfree.data.time.junit.QuarterTests" time="0.001"/>
  <testcase name="testParseQuarter" classname="org.jfree.data.time.junit.QuarterTests" time="0"/>
  <testcase name="testDateConstructor1" classname="org.jfree.data.time.junit.QuarterTests" time="0.001"/>
  <testcase name="testDateConstructor2" classname="org.jfree.data.time.junit.QuarterTests" time="0"/>
  <testcase name="testQ4Y9999Next" classname="org.jfree.data.time.junit.QuarterTests" time="0"/>
  <testcase name="testGetFirstMillisecond" classname="org.jfree.data.time.junit.QuarterTests" time="0.001"/>
  <testcase name="testGetFirstMillisecondWithTimeZone" classname="org.jfree.data.time.junit.QuarterTests" time="0"/>
  <testcase name="testNotCloneable" classname="org.jfree.data.time.junit.QuarterTests" time="0"/>
  <testcase name="testHashcode" classname="org.jfree.data.time.junit.QuarterTests" time="0"/>
  <testcase name="testGetSerialIndex" classname="org.jfree.data.time.junit.QuarterTests" time="0.001"/>
  <testcase name="testEquals" classname="org.jfree.data.time.junit.QuarterTests" time="0"/>
  <testcase name="testGetEnd" classname="org.jfree.data.time.junit.QuarterTests" time="0"/>
  <testcase name="testQ4Y9999Previous" classname="org.jfree.data.time.junit.QuarterTests" time="0.001"/>
  <testcase name="testGetLastMillisecond" classname="org.jfree.data.time.junit.QuarterTests" time="0"/>
  <testcase name="testGetLastMillisecondWithTimeZone" classname="org.jfree.data.time.junit.QuarterTests" time="0"/>
  <testcase name="testConstructor" classname="org.jfree.data.time.junit.QuarterTests" time="0.001"/>
  <testcase name="testGetFirstMillisecondWithCalendar" classname="org.jfree.data.time.junit.SecondTests" time="0"/>
  <testcase name="testGetStart" classname="org.jfree.data.time.junit.SecondTests" time="0"/>
  <testcase name="testSerialization" classname="org.jfree.data.time.junit.SecondTests" time="0.001"/>
  <testcase name="testNext" classname="org.jfree.data.time.junit.SecondTests" time="0.001"/>
  <testcase name="testGetLastMillisecondWithCalendar" classname="org.jfree.data.time.junit.SecondTests" time="0"/>
  <testcase name="testEqualsSelf" classname="org.jfree.data.time.junit.SecondTests" time="0"/>
  <testcase name="testDateConstructor1" classname="org.jfree.data.time.junit.SecondTests" time="0"/>
  <testcase name="testDateConstructor2" classname="org.jfree.data.time.junit.SecondTests" time="0"/>
  <testcase name="testGetFirstMillisecond" classname="org.jfree.data.time.junit.SecondTests" time="0"/>
  <testcase name="testGetFirstMillisecondWithTimeZone" classname="org.jfree.data.time.junit.SecondTests" time="0"/>
  <testcase name="testNotCloneable" classname="org.jfree.data.time.junit.SecondTests" time="0"/>
  <testcase name="testHashcode" classname="org.jfree.data.time.junit.SecondTests" time="0.001"/>
  <testcase name="testGetSerialIndex" classname="org.jfree.data.time.junit.SecondTests" time="0"/>
  <testcase name="testEquals" classname="org.jfree.data.time.junit.SecondTests" time="0"/>
  <testcase name="testGetEnd" classname="org.jfree.data.time.junit.SecondTests" time="0.001"/>
  <testcase name="testGetLastMillisecond" classname="org.jfree.data.time.junit.SecondTests" time="0"/>
  <testcase name="testGetLastMillisecondWithTimeZone" classname="org.jfree.data.time.junit.SecondTests" time="0"/>
  <testcase name="testSerialization" classname="org.jfree.data.time.junit.SimpleTimePeriodTests" time="0"/>
  <testcase name="testClone" classname="org.jfree.data.time.junit.SimpleTimePeriodTests" time="0"/>
  <testcase name="testCompareTo" classname="org.jfree.data.time.junit.SimpleTimePeriodTests" time="0"/>
  <testcase name="testEqualsSelf" classname="org.jfree.data.time.junit.SimpleTimePeriodTests" time="0"/>
  <testcase name="testHashcode" classname="org.jfree.data.time.junit.SimpleTimePeriodTests" time="0"/>
  <testcase name="testEquals" classname="org.jfree.data.time.junit.SimpleTimePeriodTests" time="0"/>
  <testcase name="testSerialization" classname="org.jfree.data.time.junit.TimePeriodAnchorTests" time="0.001"/>
  <testcase name="testEquals" classname="org.jfree.data.time.junit.TimePeriodAnchorTests" time="0"/>
  <testcase name="testSerialization" classname="org.jfree.data.time.junit.TimePeriodValueTests" time="0.001"/>
  <testcase name="testEqualsSelf" classname="org.jfree.data.time.junit.TimePeriodValueTests" time="0"/>
  <testcase name="testEquals" classname="org.jfree.data.time.junit.TimePeriodValueTests" time="0"/>
  <testcase name="testSerialization" classname="org.jfree.data.time.junit.TimePeriodValuesTests" time="0.003"/>
  <testcase name="testAdd" classname="org.jfree.data.time.junit.TimePeriodValuesTests" time="0"/>
  <testcase name="testClone" classname="org.jfree.data.time.junit.TimePeriodValuesTests" time="0.001"/>
  <testcase name="testAddValue" classname="org.jfree.data.time.junit.TimePeriodValuesTests" time="0.001"/>
  <testcase name="test1161329" classname="org.jfree.data.time.junit.TimePeriodValuesTests" time="0"/>
  <testcase name="testEquals" classname="org.jfree.data.time.junit.TimePeriodValuesTests" time="0.001"/>
  <testcase name="testGetDomainBoundsWithoutInterval" classname="org.jfree.data.time.junit.TimePeriodValuesCollectionTests" time="0"/>
  <testcase name="testSerialization" classname="org.jfree.data.time.junit.TimePeriodValuesCollectionTests" time="0.001"/>
  <testcase name="testGetDomainBoundsWithInterval" classname="org.jfree.data.time.junit.TimePeriodValuesCollectionTests" time="0"/>
  <testcase name="test1161340" classname="org.jfree.data.time.junit.TimePeriodValuesCollectionTests" time="0.001"/>
  <testcase name="testEquals" classname="org.jfree.data.time.junit.TimePeriodValuesCollectionTests" time="0"/>
  <testcase name="testGetSeries" classname="org.jfree.data.time.junit.TimePeriodValuesCollectionTests" time="0"/>
  <testcase name="testSerialization" classname="org.jfree.data.time.junit.TimeSeriesCollectionTests" time="0.006"/>
  <testcase name="testGetSurroundingItems" classname="org.jfree.data.time.junit.TimeSeriesCollectionTests" time="0.001"/>
  <testcase name="test1170825" classname="org.jfree.data.time.junit.TimeSeriesCollectionTests" time="0"/>
  <testcase name="testRemoveSeries" classname="org.jfree.data.time.junit.TimeSeriesCollectionTests" time="0"/>
  <testcase name="testEquals" classname="org.jfree.data.time.junit.TimeSeriesCollectionTests" time="0"/>
  <testcase name="testIndexOf" classname="org.jfree.data.time.junit.TimeSeriesCollectionTests" time="0"/>
  <testcase name="testEquals2" classname="org.jfree.data.time.junit.TimeSeriesTests" time="0.001"/>
  <testcase name="testGetIndex" classname="org.jfree.data.time.junit.TimeSeriesTests" time="0.001"/>
  <testcase name="testGetValue" classname="org.jfree.data.time.junit.TimeSeriesTests" time="0"/>
  <testcase name="testSerialization" classname="org.jfree.data.time.junit.TimeSeriesTests" time="0.002"/>
  <testcase name="testClone" classname="org.jfree.data.time.junit.TimeSeriesTests" time="0.001"/>
  <testcase name="testCreateCopy1" classname="org.jfree.data.time.junit.TimeSeriesTests" time="0.001"/>
  <testcase name="testCreateCopy2" classname="org.jfree.data.time.junit.TimeSeriesTests" time="0.001"/>
  <testcase name="testAddOrUpdate" classname="org.jfree.data.time.junit.TimeSeriesTests" time="0.001"/>
  <testcase name="testAddValue" classname="org.jfree.data.time.junit.TimeSeriesTests" time="0.001"/>
  <testcase name="testRemoveAgedItems" classname="org.jfree.data.time.junit.TimeSeriesTests" time="0"/>
  <testcase name="testSetMaximumItemCount" classname="org.jfree.data.time.junit.TimeSeriesTests" time="0.001"/>
  <testcase name="testGetDataItem1" classname="org.jfree.data.time.junit.TimeSeriesTests" time="0.001"/>
  <testcase name="testGetDataItem2" classname="org.jfree.data.time.junit.TimeSeriesTests" time="0"/>
  <testcase name="testHashCode" classname="org.jfree.data.time.junit.TimeSeriesTests" time="0.001"/>
  <testcase name="testDelete2" classname="org.jfree.data.time.junit.TimeSeriesTests" time="0.001"/>
  <testcase name="testClone2" classname="org.jfree.data.time.junit.TimeSeriesTests" time="0.001"/>
  <testcase name="testDelete" classname="org.jfree.data.time.junit.TimeSeriesTests" time="0"/>
  <testcase name="testEquals" classname="org.jfree.data.time.junit.TimeSeriesTests" time="0.001"/>
  <testcase name="testBug1075255" classname="org.jfree.data.time.junit.TimeSeriesTests" time="0"/>
  <testcase name="testRemoveAgedItems2" classname="org.jfree.data.time.junit.TimeSeriesTests" time="0.001"/>
  <testcase name="testBug1832432" classname="org.jfree.data.time.junit.TimeSeriesTests" time="0"/>
  <testcase name="testSerialization" classname="org.jfree.data.time.junit.TimeSeriesDataItemTests" time="0.001"/>
  <testcase name="testEqualsSelf" classname="org.jfree.data.time.junit.TimeSeriesDataItemTests" time="0"/>
  <testcase name="testEquals" classname="org.jfree.data.time.junit.TimeSeriesDataItemTests" time="0"/>
  <testcase name="testGetTimePeriod" classname="org.jfree.data.time.junit.TimeTableXYDatasetTests" time="0.001"/>
  <testcase name="testSerialization" classname="org.jfree.data.time.junit.TimeTableXYDatasetTests" time="0.002"/>
  <testcase name="testClear" classname="org.jfree.data.time.junit.TimeTableXYDatasetTests" time="0"/>
  <testcase name="testClone" classname="org.jfree.data.time.junit.TimeTableXYDatasetTests" time="0.001"/>
  <testcase name="testEquals" classname="org.jfree.data.time.junit.TimeTableXYDatasetTests" time="0"/>
  <testcase name="testStandard" classname="org.jfree.data.time.junit.TimeTableXYDatasetTests" time="0"/>
  <testcase name="testGetFirstMillisecondWithCalendar" classname="org.jfree.data.time.junit.WeekTests" time="0.001"/>
  <testcase name="testGetStart" classname="org.jfree.data.time.junit.WeekTests" time="0.001"/>
  <testcase name="testWeek12005" classname="org.jfree.data.time.junit.WeekTests" time="0"/>
  <testcase name="testSerialization" classname="org.jfree.data.time.junit.WeekTests" time="0.001"/>
  <testcase name="testNext" classname="org.jfree.data.time.junit.WeekTests" time="0.001"/>
  <testcase name="testW1Y1900Previous" classname="org.jfree.data.time.junit.WeekTests" time="0"/>
  <testcase name="testGetLastMillisecondWithCalendar" classname="org.jfree.data.time.junit.WeekTests" time="0.001"/>
  <testcase name="testGetFirstMillisecond" classname="org.jfree.data.time.junit.WeekTests" time="0"/>
  <testcase name="testGetFirstMillisecondWithTimeZone" classname="org.jfree.data.time.junit.WeekTests" time="0.001"/>
  <testcase name="testNotCloneable" classname="org.jfree.data.time.junit.WeekTests" time="0"/>
  <testcase name="testHashcode" classname="org.jfree.data.time.junit.WeekTests" time="0.001"/>
  <testcase name="testW52Y9999Next" classname="org.jfree.data.time.junit.WeekTests" time="0"/>
  <testcase name="testGetSerialIndex" classname="org.jfree.data.time.junit.WeekTests" time="0"/>
  <testcase name="testW52Y9999Previous" classname="org.jfree.data.time.junit.WeekTests" time="0"/>
  <testcase name="testEquals" classname="org.jfree.data.time.junit.WeekTests" time="0.001"/>
  <testcase name="testGetEnd" classname="org.jfree.data.time.junit.WeekTests" time="0"/>
  <testcase name="testWeek532005" classname="org.jfree.data.time.junit.WeekTests" time="0.001"/>
  <testcase name="testW1Y1900Next" classname="org.jfree.data.time.junit.WeekTests" time="0"/>
  <testcase name="testBug1448828" classname="org.jfree.data.time.junit.WeekTests" time="0"/>
  <testcase name="testBug1498805" classname="org.jfree.data.time.junit.WeekTests" time="0.001"/>
  <testcase name="testGetLastMillisecond" classname="org.jfree.data.time.junit.WeekTests" time="0"/>
  <testcase name="testGetLastMillisecondWithTimeZone" classname="org.jfree.data.time.junit.WeekTests" time="0.001"/>
  <testcase name="testConstructor" classname="org.jfree.data.time.junit.WeekTests" time="0"/>
  <testcase name="testGetFirstMillisecondWithCalendar" classname="org.jfree.data.time.junit.YearTests" time="0"/>
  <testcase name="testGetStart" classname="org.jfree.data.time.junit.YearTests" time="0"/>
  <testcase name="testSerialization" classname="org.jfree.data.time.junit.YearTests" time="0.001"/>
  <testcase name="testParseYear" classname="org.jfree.data.time.junit.YearTests" time="0"/>
  <testcase name="testNext" classname="org.jfree.data.time.junit.YearTests" time="0"/>
  <testcase name="testGetLastMillisecondWithCalendar" classname="org.jfree.data.time.junit.YearTests" time="0"/>
  <testcase name="testEqualsSelf" classname="org.jfree.data.time.junit.YearTests" time="0"/>
  <testcase name="testDateConstructor1" classname="org.jfree.data.time.junit.YearTests" time="0"/>
  <testcase name="testDateConstructor2" classname="org.jfree.data.time.junit.YearTests" time="0.001"/>
  <testcase name="testGetFirstMillisecond" classname="org.jfree.data.time.junit.YearTests" time="0"/>
  <testcase name="testGetFirstMillisecondWithTimeZone" classname="org.jfree.data.time.junit.YearTests" time="0"/>
  <testcase name="testNotCloneable" classname="org.jfree.data.time.junit.YearTests" time="0"/>
  <testcase name="test1900Next" classname="org.jfree.data.time.junit.YearTests" time="0"/>
  <testcase name="test1900Previous" classname="org.jfree.data.time.junit.YearTests" time="0"/>
  <testcase name="test9999Previous" classname="org.jfree.data.time.junit.YearTests" time="0"/>
  <testcase name="testHashcode" classname="org.jfree.data.time.junit.YearTests" time="0"/>
  <testcase name="testGetSerialIndex" classname="org.jfree.data.time.junit.YearTests" time="0"/>
  <testcase name="testEquals" classname="org.jfree.data.time.junit.YearTests" time="0"/>
  <testcase name="testGetEnd" classname="org.jfree.data.time.junit.YearTests" time="0"/>
  <testcase name="test9999Next" classname="org.jfree.data.time.junit.YearTests" time="0"/>
  <testcase name="testGetLastMillisecond" classname="org.jfree.data.time.junit.YearTests" time="0"/>
  <testcase name="testGetLastMillisecondWithTimeZone" classname="org.jfree.data.time.junit.YearTests" time="0"/>
</testsuite>