<?xml version="1.0" encoding="UTF-8"?>
<testsuite name="org.jfree.data.junit.DataPackageTests" time="0.023" tests="93" errors="0" skipped="0" failures="0">
  <properties>
    <property name="java.runtime.name" value="Java(TM) SE Runtime Environment"/>
    <property name="sun.boot.library.path" value="/opt/jdk1.7.0_80/jre/lib/amd64"/>
    <property name="java.vm.version" value="24.80-b11"/>
    <property name="java.vm.vendor" value="Oracle Corporation"/>
    <property name="maven.multiModuleProjectDirectory" value="/home/ali/similarity-exps/programs/Chart/12"/>
    <property name="java.vendor.url" value="http://java.oracle.com/"/>
    <property name="path.separator" value=":"/>
    <property name="guice.disable.misplaced.annotation.check" value="true"/>
    <property name="java.vm.name" value="Java HotSpot(TM) 64-Bit Server VM"/>
    <property name="file.encoding.pkg" value="sun.io"/>
    <property name="user.country" value="US"/>
    <property name="sun.java.launcher" value="SUN_STANDARD"/>
    <property name="sun.os.patch.level" value="unknown"/>
    <property name="java.vm.specification.name" value="Java Virtual Machine Specification"/>
    <property name="user.dir" value="/home/ali/similarity-exps/programs/Chart/12"/>
    <property name="java.runtime.version" value="1.7.0_80-b15"/>
    <property name="java.awt.graphicsenv" value="sun.awt.X11GraphicsEnvironment"/>
    <property name="java.endorsed.dirs" value="/opt/jdk1.7.0_80/jre/lib/endorsed"/>
    <property name="os.arch" value="amd64"/>
    <property name="java.io.tmpdir" value="/tmp"/>
    <property name="line.separator" value="&#10;"/>
    <property name="java.vm.specification.vendor" value="Oracle Corporation"/>
    <property name="os.name" value="Linux"/>
    <property name="classworlds.conf" value="/usr/share/maven/bin/m2.conf"/>
    <property name="sun.jnu.encoding" value="UTF-8"/>
    <property name="java.library.path" value="/usr/java/packages/lib/amd64:/usr/lib64:/lib64:/lib:/usr/lib"/>
    <property name="maven.conf" value="/usr/share/maven/conf"/>
    <property name="java.specification.name" value="Java Platform API Specification"/>
    <property name="java.class.version" value="51.0"/>
    <property name="sun.management.compiler" value="HotSpot 64-Bit Tiered Compilers"/>
    <property name="os.version" value="4.15.0-72-generic"/>
    <property name="library.jansi.path" value="/usr/share/maven/lib/jansi-native"/>
    <property name="user.home" value="/home/ali"/>
    <property name="user.timezone" value="America/Chicago"/>
    <property name="java.awt.printerjob" value="sun.print.PSPrinterJob"/>
    <property name="java.specification.version" value="1.7"/>
    <property name="file.encoding" value="UTF-8"/>
    <property name="user.name" value="ali"/>
    <property name="java.class.path" value="/usr/share/maven/boot/plexus-classworlds-2.x.jar"/>
    <property name="java.vm.specification.version" value="1.7"/>
    <property name="sun.arch.data.model" value="64"/>
    <property name="java.home" value="/opt/jdk1.7.0_80/jre"/>
    <property name="sun.java.command" value="org.codehaus.plexus.classworlds.launcher.Launcher surefire:test"/>
    <property name="java.specification.vendor" value="Oracle Corporation"/>
    <property name="user.language" value="en"/>
    <property name="awt.toolkit" value="sun.awt.X11.XToolkit"/>
    <property name="java.vm.info" value="mixed mode"/>
    <property name="java.version" value="1.7.0_80"/>
    <property name="java.ext.dirs" value="/opt/jdk1.7.0_80/jre/lib/ext:/usr/java/packages/lib/ext"/>
    <property name="securerandom.source" value="file:/dev/./urandom"/>
    <property name="sun.boot.class.path" value="/opt/jdk1.7.0_80/jre/lib/resources.jar:/opt/jdk1.7.0_80/jre/lib/rt.jar:/opt/jdk1.7.0_80/jre/lib/sunrsasign.jar:/opt/jdk1.7.0_80/jre/lib/jsse.jar:/opt/jdk1.7.0_80/jre/lib/jce.jar:/opt/jdk1.7.0_80/jre/lib/charsets.jar:/opt/jdk1.7.0_80/jre/lib/jfr.jar:/opt/jdk1.7.0_80/jre/classes"/>
    <property name="java.vendor" value="Oracle Corporation"/>
    <property name="maven.home" value="/usr/share/maven"/>
    <property name="file.separator" value="/"/>
    <property name="java.vendor.url.bug" value="http://bugreport.sun.com/bugreport/"/>
    <property name="sun.cpu.endian" value="little"/>
    <property name="sun.io.unicode.encoding" value="UnicodeLittle"/>
    <property name="sun.cpu.isalist" value=""/>
  </properties>
  <testcase name="testSerialization" classname="org.jfree.data.junit.ComparableObjectItemTests" time="0"/>
  <testcase name="testCompareTo" classname="org.jfree.data.junit.ComparableObjectItemTests" time="0"/>
  <testcase name="testCloning" classname="org.jfree.data.junit.ComparableObjectItemTests" time="0"/>
  <testcase name="testEquals" classname="org.jfree.data.junit.ComparableObjectItemTests" time="0"/>
  <testcase name="testConstructor" classname="org.jfree.data.junit.ComparableObjectItemTests" time="0"/>
  <testcase name="testSerialization" classname="org.jfree.data.junit.ComparableObjectSeriesTests" time="0.004"/>
  <testcase name="testConstructor1" classname="org.jfree.data.junit.ComparableObjectSeriesTests" time="0"/>
  <testcase name="testCloning" classname="org.jfree.data.junit.ComparableObjectSeriesTests" time="0"/>
  <testcase name="testHashCode" classname="org.jfree.data.junit.ComparableObjectSeriesTests" time="0"/>
  <testcase name="testEquals" classname="org.jfree.data.junit.ComparableObjectSeriesTests" time="0.001"/>
  <testcase name="testCreateNumberArray2D" classname="org.jfree.data.junit.DataUtilitiesTests" time="0"/>
  <testcase name="testCalculateColumnTotal" classname="org.jfree.data.junit.DataUtilitiesTests" time="0"/>
  <testcase name="testCalculateRowTotal" classname="org.jfree.data.junit.DataUtilitiesTests" time="0"/>
  <testcase name="testSerialization" classname="org.jfree.data.junit.DefaultKeyedValueTests" time="0.001"/>
  <testcase name="testCloning" classname="org.jfree.data.junit.DefaultKeyedValueTests" time="0"/>
  <testcase name="testEquals" classname="org.jfree.data.junit.DefaultKeyedValueTests" time="0"/>
  <testcase name="testGetIndex" classname="org.jfree.data.junit.DefaultKeyedValuesTests" time="0"/>
  <testcase name="testGetValue" classname="org.jfree.data.junit.DefaultKeyedValuesTests" time="0"/>
  <testcase name="testSerialization" classname="org.jfree.data.junit.DefaultKeyedValuesTests" time="0.001"/>
  <testcase name="testClear" classname="org.jfree.data.junit.DefaultKeyedValuesTests" time="0"/>
  <testcase name="testGetItemCount" classname="org.jfree.data.junit.DefaultKeyedValuesTests" time="0"/>
  <testcase name="testSortByKeyDescending" classname="org.jfree.data.junit.DefaultKeyedValuesTests" time="0.001"/>
  <testcase name="testRemoveValue" classname="org.jfree.data.junit.DefaultKeyedValuesTests" time="0"/>
  <testcase name="testInsertValue" classname="org.jfree.data.junit.DefaultKeyedValuesTests" time="0"/>
  <testcase name="testAddValue" classname="org.jfree.data.junit.DefaultKeyedValuesTests" time="0.001"/>
  <testcase name="testGetKeys" classname="org.jfree.data.junit.DefaultKeyedValuesTests" time="0"/>
  <testcase name="testSortByKeyAscending" classname="org.jfree.data.junit.DefaultKeyedValuesTests" time="0"/>
  <testcase name="testSortByValueAscending" classname="org.jfree.data.junit.DefaultKeyedValuesTests" time="0"/>
  <testcase name="testSortByValueDescending" classname="org.jfree.data.junit.DefaultKeyedValuesTests" time="0"/>
  <testcase name="testCloning" classname="org.jfree.data.junit.DefaultKeyedValuesTests" time="0"/>
  <testcase name="testGetIndex2" classname="org.jfree.data.junit.DefaultKeyedValuesTests" time="0"/>
  <testcase name="testInsertAndRetrieve" classname="org.jfree.data.junit.DefaultKeyedValuesTests" time="0.001"/>
  <testcase name="testGetKey" classname="org.jfree.data.junit.DefaultKeyedValuesTests" time="0"/>
  <testcase name="testConstructor" classname="org.jfree.data.junit.DefaultKeyedValuesTests" time="0"/>
  <testcase name="testGetValue" classname="org.jfree.data.junit.DefaultKeyedValues2DTests" time="0"/>
  <testcase name="testColumnCount" classname="org.jfree.data.junit.DefaultKeyedValues2DTests" time="0"/>
  <testcase name="testSerialization" classname="org.jfree.data.junit.DefaultKeyedValues2DTests" time="0.002"/>
  <testcase name="testRemoveValueBug1690654" classname="org.jfree.data.junit.DefaultKeyedValues2DTests" time="0"/>
  <testcase name="testGetColumnKey" classname="org.jfree.data.junit.DefaultKeyedValues2DTests" time="0"/>
  <testcase name="testRemoveColumnByKey" classname="org.jfree.data.junit.DefaultKeyedValues2DTests" time="0"/>
  <testcase name="testRemoveValue" classname="org.jfree.data.junit.DefaultKeyedValues2DTests" time="0"/>
  <testcase name="testCloning" classname="org.jfree.data.junit.DefaultKeyedValues2DTests" time="0"/>
  <testcase name="testRowCount" classname="org.jfree.data.junit.DefaultKeyedValues2DTests" time="0"/>
  <testcase name="testEquals" classname="org.jfree.data.junit.DefaultKeyedValues2DTests" time="0"/>
  <testcase name="testGetRowKey" classname="org.jfree.data.junit.DefaultKeyedValues2DTests" time="0"/>
  <testcase name="testGetValue2" classname="org.jfree.data.junit.DefaultKeyedValues2DTests" time="0"/>
  <testcase name="testSparsePopulation" classname="org.jfree.data.junit.DefaultKeyedValues2DTests" time="0"/>
  <testcase name="testRemoveRow" classname="org.jfree.data.junit.DefaultKeyedValues2DTests" time="0"/>
  <testcase name="testSerialization" classname="org.jfree.data.junit.DomainOrderTests" time="0.001"/>
  <testcase name="testHashCode" classname="org.jfree.data.junit.DomainOrderTests" time="0"/>
  <testcase name="testEquals" classname="org.jfree.data.junit.DomainOrderTests" time="0"/>
  <testcase name="testSerialization" classname="org.jfree.data.junit.KeyedObjectTests" time="0.001"/>
  <testcase name="testCloning" classname="org.jfree.data.junit.KeyedObjectTests" time="0"/>
  <testcase name="testEquals" classname="org.jfree.data.junit.KeyedObjectTests" time="0.001"/>
  <testcase name="testCloning2" classname="org.jfree.data.junit.KeyedObjectTests" time="0"/>
  <testcase name="testGetIndex" classname="org.jfree.data.junit.KeyedObjectsTests" time="0"/>
  <testcase name="testSerialization" classname="org.jfree.data.junit.KeyedObjectsTests" time="0.001"/>
  <testcase name="testRemoveValue" classname="org.jfree.data.junit.KeyedObjectsTests" time="0"/>
  <testcase name="testRemoveValueInt" classname="org.jfree.data.junit.KeyedObjectsTests" time="0"/>
  <testcase name="testCloning" classname="org.jfree.data.junit.KeyedObjectsTests" time="0.001"/>
  <testcase name="testSetObject" classname="org.jfree.data.junit.KeyedObjectsTests" time="0"/>
  <testcase name="testInsertAndRetrieve" classname="org.jfree.data.junit.KeyedObjectsTests" time="0"/>
  <testcase name="testGetObject" classname="org.jfree.data.junit.KeyedObjectsTests" time="0"/>
  <testcase name="testGetKey" classname="org.jfree.data.junit.KeyedObjectsTests" time="0"/>
  <testcase name="testCloning2" classname="org.jfree.data.junit.KeyedObjectsTests" time="0"/>
  <testcase name="testGetValueByIndex" classname="org.jfree.data.junit.KeyedObjects2DTests" time="0.001"/>
  <testcase name="testSerialization" classname="org.jfree.data.junit.KeyedObjects2DTests" time="0.001"/>
  <testcase name="testRemoveColumnByKey" classname="org.jfree.data.junit.KeyedObjects2DTests" time="0"/>
  <testcase name="testRemoveValue" classname="org.jfree.data.junit.KeyedObjects2DTests" time="0"/>
  <testcase name="testRemoveRowByIndex" classname="org.jfree.data.junit.KeyedObjects2DTests" time="0.001"/>
  <testcase name="testGetValueByKey" classname="org.jfree.data.junit.KeyedObjects2DTests" time="0"/>
  <testcase name="testRemoveColumnByIndex" classname="org.jfree.data.junit.KeyedObjects2DTests" time="0"/>
  <testcase name="testCloning" classname="org.jfree.data.junit.KeyedObjects2DTests" time="0"/>
  <testcase name="testSetObject" classname="org.jfree.data.junit.KeyedObjects2DTests" time="0"/>
  <testcase name="testEquals" classname="org.jfree.data.junit.KeyedObjects2DTests" time="0"/>
  <testcase name="testRemoveRowByKey" classname="org.jfree.data.junit.KeyedObjects2DTests" time="0"/>
  <testcase name="testGetGroup" classname="org.jfree.data.junit.KeyToGroupMapTests" time="0.001"/>
  <testcase name="testSerialization" classname="org.jfree.data.junit.KeyToGroupMapTests" time="0.001"/>
  <testcase name="testGetGroupIndex" classname="org.jfree.data.junit.KeyToGroupMapTests" time="0"/>
  <testcase name="testCloning" classname="org.jfree.data.junit.KeyToGroupMapTests" time="0"/>
  <testcase name="testGroupCount" classname="org.jfree.data.junit.KeyToGroupMapTests" time="0"/>
  <testcase name="testKeyCount" classname="org.jfree.data.junit.KeyToGroupMapTests" time="0"/>
  <testcase name="testEquals" classname="org.jfree.data.junit.KeyToGroupMapTests" time="0"/>
  <testcase name="testMapKeyToGroup" classname="org.jfree.data.junit.KeyToGroupMapTests" time="0"/>
  <testcase name="testSerialization" classname="org.jfree.data.junit.RangeTests" time="0"/>
  <testcase name="testContains" classname="org.jfree.data.junit.RangeTests" time="0"/>
  <testcase name="testConstrain" classname="org.jfree.data.junit.RangeTests" time="0"/>
  <testcase name="testEquals" classname="org.jfree.data.junit.RangeTests" time="0"/>
  <testcase name="testExpand" classname="org.jfree.data.junit.RangeTests" time="0"/>
  <testcase name="testIntersects" classname="org.jfree.data.junit.RangeTests" time="0"/>
  <testcase name="testSerialization" classname="org.jfree.data.junit.RangeTypeTests" time="0.001"/>
  <testcase name="testHashCode" classname="org.jfree.data.junit.RangeTypeTests" time="0"/>
  <testcase name="testEquals" classname="org.jfree.data.junit.RangeTypeTests" time="0"/>
</testsuite>