<?xml version="1.0" encoding="UTF-8"?>
<testsuite name="org.jfree.data.statistics.junit.DataStatisticsPackageTests" time="0.018" tests="77" errors="0" skipped="0" failures="0">
  <properties>
    <property name="java.runtime.name" value="Java(TM) SE Runtime Environment"/>
    <property name="sun.boot.library.path" value="/opt/jdk1.7.0_80/jre/lib/amd64"/>
    <property name="java.vm.version" value="24.80-b11"/>
    <property name="java.vm.vendor" value="Oracle Corporation"/>
    <property name="maven.multiModuleProjectDirectory" value="/home/ali/similarity-exps/programs/Chart/12"/>
    <property name="java.vendor.url" value="http://java.oracle.com/"/>
    <property name="path.separator" value=":"/>
    <property name="guice.disable.misplaced.annotation.check" value="true"/>
    <property name="java.vm.name" value="Java HotSpot(TM) 64-Bit Server VM"/>
    <property name="file.encoding.pkg" value="sun.io"/>
    <property name="user.country" value="US"/>
    <property name="sun.java.launcher" value="SUN_STANDARD"/>
    <property name="sun.os.patch.level" value="unknown"/>
    <property name="java.vm.specification.name" value="Java Virtual Machine Specification"/>
    <property name="user.dir" value="/home/ali/similarity-exps/programs/Chart/12"/>
    <property name="java.runtime.version" value="1.7.0_80-b15"/>
    <property name="java.awt.graphicsenv" value="sun.awt.X11GraphicsEnvironment"/>
    <property name="java.endorsed.dirs" value="/opt/jdk1.7.0_80/jre/lib/endorsed"/>
    <property name="os.arch" value="amd64"/>
    <property name="java.io.tmpdir" value="/tmp"/>
    <property name="line.separator" value="&#10;"/>
    <property name="java.vm.specification.vendor" value="Oracle Corporation"/>
    <property name="os.name" value="Linux"/>
    <property name="classworlds.conf" value="/usr/share/maven/bin/m2.conf"/>
    <property name="sun.jnu.encoding" value="UTF-8"/>
    <property name="java.library.path" value="/usr/java/packages/lib/amd64:/usr/lib64:/lib64:/lib:/usr/lib"/>
    <property name="maven.conf" value="/usr/share/maven/conf"/>
    <property name="java.specification.name" value="Java Platform API Specification"/>
    <property name="java.class.version" value="51.0"/>
    <property name="sun.management.compiler" value="HotSpot 64-Bit Tiered Compilers"/>
    <property name="os.version" value="4.15.0-72-generic"/>
    <property name="library.jansi.path" value="/usr/share/maven/lib/jansi-native"/>
    <property name="user.home" value="/home/ali"/>
    <property name="user.timezone" value="America/Chicago"/>
    <property name="java.awt.printerjob" value="sun.print.PSPrinterJob"/>
    <property name="java.specification.version" value="1.7"/>
    <property name="file.encoding" value="UTF-8"/>
    <property name="user.name" value="ali"/>
    <property name="java.class.path" value="/usr/share/maven/boot/plexus-classworlds-2.x.jar"/>
    <property name="java.vm.specification.version" value="1.7"/>
    <property name="sun.arch.data.model" value="64"/>
    <property name="java.home" value="/opt/jdk1.7.0_80/jre"/>
    <property name="sun.java.command" value="org.codehaus.plexus.classworlds.launcher.Launcher surefire:test"/>
    <property name="java.specification.vendor" value="Oracle Corporation"/>
    <property name="user.language" value="en"/>
    <property name="awt.toolkit" value="sun.awt.X11.XToolkit"/>
    <property name="java.vm.info" value="mixed mode"/>
    <property name="java.version" value="1.7.0_80"/>
    <property name="java.ext.dirs" value="/opt/jdk1.7.0_80/jre/lib/ext:/usr/java/packages/lib/ext"/>
    <property name="securerandom.source" value="file:/dev/./urandom"/>
    <property name="sun.boot.class.path" value="/opt/jdk1.7.0_80/jre/lib/resources.jar:/opt/jdk1.7.0_80/jre/lib/rt.jar:/opt/jdk1.7.0_80/jre/lib/sunrsasign.jar:/opt/jdk1.7.0_80/jre/lib/jsse.jar:/opt/jdk1.7.0_80/jre/lib/jce.jar:/opt/jdk1.7.0_80/jre/lib/charsets.jar:/opt/jdk1.7.0_80/jre/lib/jfr.jar:/opt/jdk1.7.0_80/jre/classes"/>
    <property name="java.vendor" value="Oracle Corporation"/>
    <property name="maven.home" value="/usr/share/maven"/>
    <property name="file.separator" value="/"/>
    <property name="java.vendor.url.bug" value="http://bugreport.sun.com/bugreport/"/>
    <property name="sun.cpu.endian" value="little"/>
    <property name="sun.io.unicode.encoding" value="UnicodeLittle"/>
    <property name="sun.cpu.isalist" value=""/>
  </properties>
  <testcase name="testCalculateQ1" classname="org.jfree.data.statistics.junit.BoxAndWhiskerCalculatorTests" time="0"/>
  <testcase name="testCalculateQ3" classname="org.jfree.data.statistics.junit.BoxAndWhiskerCalculatorTests" time="0"/>
  <testcase name="testCalculateBoxAndWhiskerStatistics" classname="org.jfree.data.statistics.junit.BoxAndWhiskerCalculatorTests" time="0"/>
  <testcase name="test1593149" classname="org.jfree.data.statistics.junit.BoxAndWhiskerCalculatorTests" time="0"/>
  <testcase name="testSerialization" classname="org.jfree.data.statistics.junit.BoxAndWhiskerItemTests" time="0.001"/>
  <testcase name="testEquals" classname="org.jfree.data.statistics.junit.BoxAndWhiskerItemTests" time="0"/>
  <testcase name="testSerialization" classname="org.jfree.data.statistics.junit.DefaultBoxAndWhiskerCategoryDatasetTests" time="0.002"/>
  <testcase name="testAdd" classname="org.jfree.data.statistics.junit.DefaultBoxAndWhiskerCategoryDatasetTests" time="0"/>
  <testcase name="testAddUpdatesCachedRange" classname="org.jfree.data.statistics.junit.DefaultBoxAndWhiskerCategoryDatasetTests" time="0"/>
  <testcase name="test1701822" classname="org.jfree.data.statistics.junit.DefaultBoxAndWhiskerCategoryDatasetTests" time="0.001"/>
  <testcase name="testCloning" classname="org.jfree.data.statistics.junit.DefaultBoxAndWhiskerCategoryDatasetTests" time="0"/>
  <testcase name="testGetRangeBounds" classname="org.jfree.data.statistics.junit.DefaultBoxAndWhiskerCategoryDatasetTests" time="0"/>
  <testcase name="testEquals" classname="org.jfree.data.statistics.junit.DefaultBoxAndWhiskerCategoryDatasetTests" time="0"/>
  <testcase name="testRemove" classname="org.jfree.data.statistics.junit.DefaultBoxAndWhiskerCategoryDatasetTests" time="0"/>
  <testcase name="testConstructor" classname="org.jfree.data.statistics.junit.DefaultBoxAndWhiskerCategoryDatasetTests" time="0"/>
  <testcase name="testGetValue" classname="org.jfree.data.statistics.junit.DefaultMultiValueCategoryDatasetTests" time="0.001"/>
  <testcase name="testSerialization" classname="org.jfree.data.statistics.junit.DefaultMultiValueCategoryDatasetTests" time="0.001"/>
  <testcase name="testAddValue" classname="org.jfree.data.statistics.junit.DefaultMultiValueCategoryDatasetTests" time="0"/>
  <testcase name="testCloning" classname="org.jfree.data.statistics.junit.DefaultMultiValueCategoryDatasetTests" time="0"/>
  <testcase name="testEquals" classname="org.jfree.data.statistics.junit.DefaultMultiValueCategoryDatasetTests" time="0"/>
  <testcase name="testGetRowCount" classname="org.jfree.data.statistics.junit.DefaultMultiValueCategoryDatasetTests" time="0"/>
  <testcase name="testGetColumnCount" classname="org.jfree.data.statistics.junit.DefaultMultiValueCategoryDatasetTests" time="0"/>
  <testcase name="testGetValue2" classname="org.jfree.data.statistics.junit.DefaultMultiValueCategoryDatasetTests" time="0"/>
  <testcase name="testAdd" classname="org.jfree.data.statistics.junit.DefaultStatisticalCategoryDatasetTests" time="0.001"/>
  <testcase name="testCloning" classname="org.jfree.data.statistics.junit.DefaultStatisticalCategoryDatasetTests" time="0"/>
  <testcase name="testGetRangeLowerBound" classname="org.jfree.data.statistics.junit.DefaultStatisticalCategoryDatasetTests" time="0"/>
  <testcase name="testGetRangeBounds2" classname="org.jfree.data.statistics.junit.DefaultStatisticalCategoryDatasetTests" time="0"/>
  <testcase name="testGetRangeBounds" classname="org.jfree.data.statistics.junit.DefaultStatisticalCategoryDatasetTests" time="0"/>
  <testcase name="testEquals" classname="org.jfree.data.statistics.junit.DefaultStatisticalCategoryDatasetTests" time="0"/>
  <testcase name="testSerialization1" classname="org.jfree.data.statistics.junit.DefaultStatisticalCategoryDatasetTests" time="0.003"/>
  <testcase name="testSerialization2" classname="org.jfree.data.statistics.junit.DefaultStatisticalCategoryDatasetTests" time="0"/>
  <testcase name="testRemove" classname="org.jfree.data.statistics.junit.DefaultStatisticalCategoryDatasetTests" time="0"/>
  <testcase name="testGetRangeUpperBound" classname="org.jfree.data.statistics.junit.DefaultStatisticalCategoryDatasetTests" time="0"/>
  <testcase name="testSerialization" classname="org.jfree.data.statistics.junit.HistogramBinTests" time="0"/>
  <testcase name="testCloning" classname="org.jfree.data.statistics.junit.HistogramBinTests" time="0.001"/>
  <testcase name="testEquals" classname="org.jfree.data.statistics.junit.HistogramBinTests" time="0"/>
  <testcase name="testSerialization" classname="org.jfree.data.statistics.junit.HistogramDatasetTests" time="0.002"/>
  <testcase name="testBins" classname="org.jfree.data.statistics.junit.HistogramDatasetTests" time="0"/>
  <testcase name="test1553088" classname="org.jfree.data.statistics.junit.HistogramDatasetTests" time="0"/>
  <testcase name="testBinBoundaries" classname="org.jfree.data.statistics.junit.HistogramDatasetTests" time="0"/>
  <testcase name="testGetSeriesKey" classname="org.jfree.data.statistics.junit.HistogramDatasetTests" time="0.001"/>
  <testcase name="testCloning" classname="org.jfree.data.statistics.junit.HistogramDatasetTests" time="0"/>
  <testcase name="testAddSeries" classname="org.jfree.data.statistics.junit.HistogramDatasetTests" time="0"/>
  <testcase name="testEquals" classname="org.jfree.data.statistics.junit.HistogramDatasetTests" time="0"/>
  <testcase name="testSerialization" classname="org.jfree.data.statistics.junit.MeanAndStandardDeviationTests" time="0"/>
  <testcase name="testCloning" classname="org.jfree.data.statistics.junit.MeanAndStandardDeviationTests" time="0"/>
  <testcase name="testEquals" classname="org.jfree.data.statistics.junit.MeanAndStandardDeviationTests" time="0"/>
  <testcase name="testPowerRegression1a" classname="org.jfree.data.statistics.junit.RegressionTests" time="0.001"/>
  <testcase name="testPowerRegression1b" classname="org.jfree.data.statistics.junit.RegressionTests" time="0"/>
  <testcase name="testPowerRegression2a" classname="org.jfree.data.statistics.junit.RegressionTests" time="0"/>
  <testcase name="testPowerRegression2b" classname="org.jfree.data.statistics.junit.RegressionTests" time="0"/>
  <testcase name="testOLSRegression1a" classname="org.jfree.data.statistics.junit.RegressionTests" time="0"/>
  <testcase name="testOLSRegression1b" classname="org.jfree.data.statistics.junit.RegressionTests" time="0"/>
  <testcase name="testOLSRegression2a" classname="org.jfree.data.statistics.junit.RegressionTests" time="0"/>
  <testcase name="testOLSRegression2b" classname="org.jfree.data.statistics.junit.RegressionTests" time="0"/>
  <testcase name="testAccepts" classname="org.jfree.data.statistics.junit.SimpleHistogramBinTests" time="0.001"/>
  <testcase name="testSerialization" classname="org.jfree.data.statistics.junit.SimpleHistogramBinTests" time="0"/>
  <testcase name="testOverlapsWidth" classname="org.jfree.data.statistics.junit.SimpleHistogramBinTests" time="0"/>
  <testcase name="testCloning" classname="org.jfree.data.statistics.junit.SimpleHistogramBinTests" time="0"/>
  <testcase name="testEquals" classname="org.jfree.data.statistics.junit.SimpleHistogramBinTests" time="0"/>
  <testcase name="testRemoveAllBins" classname="org.jfree.data.statistics.junit.SimpleHistogramDatasetTests" time="0"/>
  <testcase name="testSerialization" classname="org.jfree.data.statistics.junit.SimpleHistogramDatasetTests" time="0.001"/>
  <testcase name="testClearObservations" classname="org.jfree.data.statistics.junit.SimpleHistogramDatasetTests" time="0"/>
  <testcase name="testCloning" classname="org.jfree.data.statistics.junit.SimpleHistogramDatasetTests" time="0"/>
  <testcase name="testEquals" classname="org.jfree.data.statistics.junit.SimpleHistogramDatasetTests" time="0"/>
  <testcase name="testCalculateMean_Array" classname="org.jfree.data.statistics.junit.StatisticsTests" time="0"/>
  <testcase name="testCorrelation1" classname="org.jfree.data.statistics.junit.StatisticsTests" time="0"/>
  <testcase name="testCorrelation2" classname="org.jfree.data.statistics.junit.StatisticsTests" time="0"/>
  <testcase name="testCalculateMedian" classname="org.jfree.data.statistics.junit.StatisticsTests" time="0"/>
  <testcase name="testCalculateMean_Collection" classname="org.jfree.data.statistics.junit.StatisticsTests" time="0"/>
  <testcase name="testCalculateMedian1" classname="org.jfree.data.statistics.junit.StatisticsTests" time="0"/>
  <testcase name="testCalculateMedian2" classname="org.jfree.data.statistics.junit.StatisticsTests" time="0"/>
  <testcase name="testCalculateMedian3" classname="org.jfree.data.statistics.junit.StatisticsTests" time="0"/>
  <testcase name="testCalculateMedian4" classname="org.jfree.data.statistics.junit.StatisticsTests" time="0"/>
  <testcase name="testCalculateMedian5" classname="org.jfree.data.statistics.junit.StatisticsTests" time="0.001"/>
  <testcase name="testCalculateMedian6" classname="org.jfree.data.statistics.junit.StatisticsTests" time="0"/>
  <testcase name="testGetStdDev" classname="org.jfree.data.statistics.junit.StatisticsTests" time="0"/>
</testsuite>