<?xml version="1.0" encoding="UTF-8"?>
<testsuite name="org.apache.commons.jxpath.ri.model.dynabeans.DynaBeanModelTest" time="0.072" tests="50" errors="0" skipped="0" failures="0">
  <properties>
    <property name="java.runtime.name" value="Java(TM) SE Runtime Environment"/>
    <property name="sun.boot.library.path" value="/opt/jdk1.7.0_80/jre/lib/amd64"/>
    <property name="java.vm.version" value="24.80-b11"/>
    <property name="java.vm.vendor" value="Oracle Corporation"/>
    <property name="maven.multiModuleProjectDirectory" value="/home/ali/similarity-exps/programs/JXPath/1"/>
    <property name="java.vendor.url" value="http://java.oracle.com/"/>
    <property name="path.separator" value=":"/>
    <property name="guice.disable.misplaced.annotation.check" value="true"/>
    <property name="java.vm.name" value="Java HotSpot(TM) 64-Bit Server VM"/>
    <property name="file.encoding.pkg" value="sun.io"/>
    <property name="user.country" value="US"/>
    <property name="sun.java.launcher" value="SUN_STANDARD"/>
    <property name="sun.os.patch.level" value="unknown"/>
    <property name="java.vm.specification.name" value="Java Virtual Machine Specification"/>
    <property name="user.dir" value="/home/ali/similarity-exps/programs/JXPath/1"/>
    <property name="java.runtime.version" value="1.7.0_80-b15"/>
    <property name="java.awt.graphicsenv" value="sun.awt.X11GraphicsEnvironment"/>
    <property name="java.endorsed.dirs" value="/opt/jdk1.7.0_80/jre/lib/endorsed"/>
    <property name="os.arch" value="amd64"/>
    <property name="java.io.tmpdir" value="/tmp"/>
    <property name="line.separator" value="&#10;"/>
    <property name="java.vm.specification.vendor" value="Oracle Corporation"/>
    <property name="os.name" value="Linux"/>
    <property name="classworlds.conf" value="/usr/share/maven/bin/m2.conf"/>
    <property name="sun.jnu.encoding" value="UTF-8"/>
    <property name="java.library.path" value="/usr/java/packages/lib/amd64:/usr/lib64:/lib64:/lib:/usr/lib"/>
    <property name="maven.conf" value="/usr/share/maven/conf"/>
    <property name="java.specification.name" value="Java Platform API Specification"/>
    <property name="java.class.version" value="51.0"/>
    <property name="sun.management.compiler" value="HotSpot 64-Bit Tiered Compilers"/>
    <property name="os.version" value="4.15.0-72-generic"/>
    <property name="library.jansi.path" value="/usr/share/maven/lib/jansi-native"/>
    <property name="user.home" value="/home/ali"/>
    <property name="user.timezone" value="America/Chicago"/>
    <property name="java.awt.printerjob" value="sun.print.PSPrinterJob"/>
    <property name="java.specification.version" value="1.7"/>
    <property name="file.encoding" value="UTF-8"/>
    <property name="user.name" value="ali"/>
    <property name="java.class.path" value="/usr/share/maven/boot/plexus-classworlds-2.x.jar"/>
    <property name="java.vm.specification.version" value="1.7"/>
    <property name="sun.arch.data.model" value="64"/>
    <property name="java.home" value="/opt/jdk1.7.0_80/jre"/>
    <property name="sun.java.command" value="org.codehaus.plexus.classworlds.launcher.Launcher surefire:test"/>
    <property name="java.specification.vendor" value="Oracle Corporation"/>
    <property name="user.language" value="en"/>
    <property name="awt.toolkit" value="sun.awt.X11.XToolkit"/>
    <property name="java.vm.info" value="mixed mode"/>
    <property name="java.version" value="1.7.0_80"/>
    <property name="java.ext.dirs" value="/opt/jdk1.7.0_80/jre/lib/ext:/usr/java/packages/lib/ext"/>
    <property name="securerandom.source" value="file:/dev/./urandom"/>
    <property name="sun.boot.class.path" value="/opt/jdk1.7.0_80/jre/lib/resources.jar:/opt/jdk1.7.0_80/jre/lib/rt.jar:/opt/jdk1.7.0_80/jre/lib/sunrsasign.jar:/opt/jdk1.7.0_80/jre/lib/jsse.jar:/opt/jdk1.7.0_80/jre/lib/jce.jar:/opt/jdk1.7.0_80/jre/lib/charsets.jar:/opt/jdk1.7.0_80/jre/lib/jfr.jar:/opt/jdk1.7.0_80/jre/classes"/>
    <property name="java.vendor" value="Oracle Corporation"/>
    <property name="maven.home" value="/usr/share/maven"/>
    <property name="file.separator" value="/"/>
    <property name="java.vendor.url.bug" value="http://bugreport.sun.com/bugreport/"/>
    <property name="sun.cpu.endian" value="little"/>
    <property name="sun.io.unicode.encoding" value="UnicodeLittle"/>
    <property name="sun.cpu.isalist" value=""/>
  </properties>
  <testcase name="testAxisChild" classname="org.apache.commons.jxpath.ri.model.dynabeans.DynaBeanModelTest" time="0.009"/>
  <testcase name="testRemoveAllArrayElements" classname="org.apache.commons.jxpath.ri.model.dynabeans.DynaBeanModelTest" time="0.001"/>
  <testcase name="testAxisDescendantOrSelf" classname="org.apache.commons.jxpath.ri.model.dynabeans.DynaBeanModelTest" time="0.014"/>
  <testcase name="testAxisAncestor" classname="org.apache.commons.jxpath.ri.model.dynabeans.DynaBeanModelTest" time="0"/>
  <testcase name="testMultipleIterators" classname="org.apache.commons.jxpath.ri.model.dynabeans.DynaBeanModelTest" time="0.005"/>
  <testcase name="testRemovePathBeanValue" classname="org.apache.commons.jxpath.ri.model.dynabeans.DynaBeanModelTest" time="0"/>
  <testcase name="testCreatePathAndSetValueCreateBeanExpandCollection" classname="org.apache.commons.jxpath.ri.model.dynabeans.DynaBeanModelTest" time="0"/>
  <testcase name="testIndividualIterators" classname="org.apache.commons.jxpath.ri.model.dynabeans.DynaBeanModelTest" time="0"/>
  <testcase name="testSetCollectionElement" classname="org.apache.commons.jxpath.ri.model.dynabeans.DynaBeanModelTest" time="0.001"/>
  <testcase name="testAxisAttribute" classname="org.apache.commons.jxpath.ri.model.dynabeans.DynaBeanModelTest" time="0.001"/>
  <testcase name="testCreatePathAndSetValueExpandExistingCollection" classname="org.apache.commons.jxpath.ri.model.dynabeans.DynaBeanModelTest" time="0"/>
  <testcase name="testUnion" classname="org.apache.commons.jxpath.ri.model.dynabeans.DynaBeanModelTest" time="0.002"/>
  <testcase name="testRoot" classname="org.apache.commons.jxpath.ri.model.dynabeans.DynaBeanModelTest" time="0"/>
  <testcase name="testCreatePathExpandExistingCollection" classname="org.apache.commons.jxpath.ri.model.dynabeans.DynaBeanModelTest" time="0"/>
  <testcase name="testDocumentOrder" classname="org.apache.commons.jxpath.ri.model.dynabeans.DynaBeanModelTest" time="0.001"/>
  <testcase name="testAxisParent" classname="org.apache.commons.jxpath.ri.model.dynabeans.DynaBeanModelTest" time="0.008"/>
  <testcase name="testSetPropertyValue" classname="org.apache.commons.jxpath.ri.model.dynabeans.DynaBeanModelTest" time="0"/>
  <testcase name="testAxisChildNestedBean" classname="org.apache.commons.jxpath.ri.model.dynabeans.DynaBeanModelTest" time="0"/>
  <testcase name="testRelativeContextAbsolutePath" classname="org.apache.commons.jxpath.ri.model.dynabeans.DynaBeanModelTest" time="0"/>
  <testcase name="testIterateAndSet" classname="org.apache.commons.jxpath.ri.model.dynabeans.DynaBeanModelTest" time="0.001"/>
  <testcase name="testAxisFollowing" classname="org.apache.commons.jxpath.ri.model.dynabeans.DynaBeanModelTest" time="0.002"/>
  <testcase name="testIteratePropertyArrayWithHasNext" classname="org.apache.commons.jxpath.ri.model.dynabeans.DynaBeanModelTest" time="0"/>
  <testcase name="testRemoveAllListElements" classname="org.apache.commons.jxpath.ri.model.dynabeans.DynaBeanModelTest" time="0"/>
  <testcase name="testRelativeContextParent" classname="org.apache.commons.jxpath.ri.model.dynabeans.DynaBeanModelTest" time="0"/>
  <testcase name="testAxisChildNestedCollection" classname="org.apache.commons.jxpath.ri.model.dynabeans.DynaBeanModelTest" time="0"/>
  <testcase name="testAxisSelf" classname="org.apache.commons.jxpath.ri.model.dynabeans.DynaBeanModelTest" time="0"/>
  <testcase name="testCreatePathCreateBeanExpandCollection" classname="org.apache.commons.jxpath.ri.model.dynabeans.DynaBeanModelTest" time="0"/>
  <testcase name="testRelativeContextRelativePath" classname="org.apache.commons.jxpath.ri.model.dynabeans.DynaBeanModelTest" time="0"/>
  <testcase name="testAttributeLang" classname="org.apache.commons.jxpath.ri.model.dynabeans.DynaBeanModelTest" time="0"/>
  <testcase name="testAttributeName" classname="org.apache.commons.jxpath.ri.model.dynabeans.DynaBeanModelTest" time="0"/>
  <testcase name="testCreatePathAndSetValue" classname="org.apache.commons.jxpath.ri.model.dynabeans.DynaBeanModelTest" time="0"/>
  <testcase name="testCoreFunctions" classname="org.apache.commons.jxpath.ri.model.dynabeans.DynaBeanModelTest" time="0.001"/>
  <testcase name="testCreatePath" classname="org.apache.commons.jxpath.ri.model.dynabeans.DynaBeanModelTest" time="0"/>
  <testcase name="testRemoveAllMapEntries" classname="org.apache.commons.jxpath.ri.model.dynabeans.DynaBeanModelTest" time="0"/>
  <testcase name="testBooleanPredicate" classname="org.apache.commons.jxpath.ri.model.dynabeans.DynaBeanModelTest" time="0.008"/>
  <testcase name="testRemovePathArrayElement" classname="org.apache.commons.jxpath.ri.model.dynabeans.DynaBeanModelTest" time="0"/>
  <testcase name="testSetContextDependentNode" classname="org.apache.commons.jxpath.ri.model.dynabeans.DynaBeanModelTest" time="0"/>
  <testcase name="testCreatePathAndSetValueExpandNewCollection" classname="org.apache.commons.jxpath.ri.model.dynabeans.DynaBeanModelTest" time="0"/>
  <testcase name="testIteratePointerSetValue" classname="org.apache.commons.jxpath.ri.model.dynabeans.DynaBeanModelTest" time="0.001"/>
  <testcase name="testIndexPredicate" classname="org.apache.commons.jxpath.ri.model.dynabeans.DynaBeanModelTest" time="0.001"/>
  <testcase name="testCreatePathExpandNewCollection" classname="org.apache.commons.jxpath.ri.model.dynabeans.DynaBeanModelTest" time="0"/>
  <testcase name="testCreatePathExpandExistingCollectionAndSetProperty" classname="org.apache.commons.jxpath.ri.model.dynabeans.DynaBeanModelTest" time="0"/>
  <testcase name="testAxisPrecedingSibling" classname="org.apache.commons.jxpath.ri.model.dynabeans.DynaBeanModelTest" time="0.003"/>
  <testcase name="testIteratePropertyArrayWithoutHasNext" classname="org.apache.commons.jxpath.ri.model.dynabeans.DynaBeanModelTest" time="0.001"/>
  <testcase name="testSetNonPrimitiveValue" classname="org.apache.commons.jxpath.ri.model.dynabeans.DynaBeanModelTest" time="0"/>
  <testcase name="testAxisDescendant" classname="org.apache.commons.jxpath.ri.model.dynabeans.DynaBeanModelTest" time="0.005"/>
  <testcase name="testRelativeContextInheritance" classname="org.apache.commons.jxpath.ri.model.dynabeans.DynaBeanModelTest" time="0"/>
  <testcase name="testAxisFollowingSibling" classname="org.apache.commons.jxpath.ri.model.dynabeans.DynaBeanModelTest" time="0.007"/>
  <testcase name="testRemovePathPropertyValue" classname="org.apache.commons.jxpath.ri.model.dynabeans.DynaBeanModelTest" time="0"/>
  <testcase name="testAxisPreceding" classname="org.apache.commons.jxpath.ri.model.dynabeans.DynaBeanModelTest" time="0"/>
</testsuite>